

Started GET "/" for 181.66.242.12 at 2015-05-25 16:14:23 +0000
Processing by Rails::WelcomeController#index as HTML
  Rendered /usr/local/rvm/gems/ruby-2.1.5@rails4/gems/railties-4.1.6/lib/rails/templates/rails/welcome/index.html.erb (1.8ms)
Completed 200 OK in 17ms (Views: 8.7ms | ActiveRecord: 0.0ms)


Started GET "/welcome/index" for 181.66.242.12 at 2015-05-25 16:29:35 +0000
Processing by WelcomeController#index as HTML
  Rendered welcome/index.html.erb within layouts/application (2.0ms)
Completed 200 OK in 758ms (Views: 747.7ms | ActiveRecord: 0.0ms)


Started GET "/assets/welcome.css?body=1" for 181.66.242.12 at 2015-05-25 16:29:36 +0000


Started GET "/assets/application.css?body=1" for 181.66.242.12 at 2015-05-25 16:29:36 +0000


Started GET "/assets/jquery_ujs.js?body=1" for 181.66.242.12 at 2015-05-25 16:29:36 +0000


Started GET "/assets/turbolinks.js?body=1" for 181.66.242.12 at 2015-05-25 16:29:36 +0000


Started GET "/assets/welcome.js?body=1" for 181.66.242.12 at 2015-05-25 16:29:36 +0000


Started GET "/assets/application.js?body=1" for 181.66.242.12 at 2015-05-25 16:29:36 +0000


Started GET "/assets/jquery.js?body=1" for 181.66.242.12 at 2015-05-25 16:29:36 +0000


Started GET "/welcome/index" for 181.66.242.12 at 2015-05-25 16:30:16 +0000
Processing by WelcomeController#index as HTML
  Rendered welcome/index.html.erb within layouts/application (1.7ms)
Completed 200 OK in 77ms (Views: 66.1ms | ActiveRecord: 0.0ms)


Started GET "/assets/welcome.css?body=1" for 181.66.242.12 at 2015-05-25 16:30:17 +0000


Started GET "/assets/welcome.js?body=1" for 181.66.242.12 at 2015-05-25 16:30:17 +0000


Started GET "/" for 181.66.242.12 at 2015-05-25 16:34:09 +0000
Processing by WelcomeController#index as HTML
  Rendered welcome/index.html.erb within layouts/application (1.5ms)
Completed 200 OK in 75ms (Views: 65.1ms | ActiveRecord: 0.0ms)


Started GET "/assets/welcome.css?body=1" for 181.66.242.12 at 2015-05-25 16:34:09 +0000


Started GET "/assets/application.css?body=1" for 181.66.242.12 at 2015-05-25 16:34:10 +0000


Started GET "/assets/welcome.js?body=1" for 181.66.242.12 at 2015-05-25 16:34:10 +0000


Started GET "/assets/application.js?body=1" for 181.66.242.12 at 2015-05-25 16:34:10 +0000


Started GET "/" for 181.66.242.12 at 2015-05-25 16:34:13 +0000
Processing by WelcomeController#index as HTML
  Rendered welcome/index.html.erb within layouts/application (0.1ms)
Completed 200 OK in 77ms (Views: 75.9ms | ActiveRecord: 0.0ms)


Started GET "/assets/application.css?body=1" for 181.66.242.12 at 2015-05-25 16:34:13 +0000


Started GET "/assets/welcome.css?body=1" for 181.66.242.12 at 2015-05-25 16:34:13 +0000


Started GET "/assets/application.js?body=1" for 181.66.242.12 at 2015-05-25 16:34:13 +0000


Started GET "/assets/welcome.js?body=1" for 181.66.242.12 at 2015-05-25 16:34:13 +0000
  [1m[36m (12.9ms)[0m  [1mCREATE TABLE "schema_migrations" ("version" varchar(255) NOT NULL) [0m
  [1m[35m (0.1ms)[0m  select sqlite_version(*)
  [1m[36m (7.3ms)[0m  [1mCREATE UNIQUE INDEX "unique_schema_migrations" ON "schema_migrations" ("version")[0m
  [1m[35mActiveRecord::SchemaMigration Load (0.2ms)[0m  SELECT "schema_migrations".* FROM "schema_migrations"
Migrating to CreateArticles (20150526160255)
  [1m[36m (0.1ms)[0m  [1mbegin transaction[0m
  [1m[35m (0.4ms)[0m  CREATE TABLE "articles" ("id" INTEGER PRIMARY KEY AUTOINCREMENT NOT NULL, "title" varchar(255), "body" text, "visit_count" integer, "created_at" datetime, "updated_at" datetime) 
  [1m[36mSQL (0.2ms)[0m  [1mINSERT INTO "schema_migrations" ("version") VALUES (?)[0m  [["version", "20150526160255"]]
  [1m[35m (20.3ms)[0m  commit transaction
  [1m[36mActiveRecord::SchemaMigration Load (0.2ms)[0m  [1mSELECT "schema_migrations".* FROM "schema_migrations"[0m


Started GET "/" for 181.66.242.12 at 2015-05-26 16:58:26 +0000

ActiveRecord::PendingMigrationError (

Migrations are pending. To resolve this issue, run:

	bin/rake db:migrate RAILS_ENV=development

):
  activerecord (4.1.6) lib/active_record/migration.rb:389:in `check_pending!'
  activerecord (4.1.6) lib/active_record/migration.rb:377:in `call'
  actionpack (4.1.6) lib/action_dispatch/middleware/callbacks.rb:29:in `block in call'
  activesupport (4.1.6) lib/active_support/callbacks.rb:82:in `run_callbacks'
  actionpack (4.1.6) lib/action_dispatch/middleware/callbacks.rb:27:in `call'
  actionpack (4.1.6) lib/action_dispatch/middleware/reloader.rb:73:in `call'
  actionpack (4.1.6) lib/action_dispatch/middleware/remote_ip.rb:76:in `call'
  actionpack (4.1.6) lib/action_dispatch/middleware/debug_exceptions.rb:17:in `call'
  actionpack (4.1.6) lib/action_dispatch/middleware/show_exceptions.rb:30:in `call'
  railties (4.1.6) lib/rails/rack/logger.rb:38:in `call_app'
  railties (4.1.6) lib/rails/rack/logger.rb:20:in `block in call'
  activesupport (4.1.6) lib/active_support/tagged_logging.rb:68:in `block in tagged'
  activesupport (4.1.6) lib/active_support/tagged_logging.rb:26:in `tagged'
  activesupport (4.1.6) lib/active_support/tagged_logging.rb:68:in `tagged'
  railties (4.1.6) lib/rails/rack/logger.rb:20:in `call'
  actionpack (4.1.6) lib/action_dispatch/middleware/request_id.rb:21:in `call'
  rack (1.5.3) lib/rack/methodoverride.rb:21:in `call'
  rack (1.5.3) lib/rack/runtime.rb:17:in `call'
  activesupport (4.1.6) lib/active_support/cache/strategy/local_cache_middleware.rb:26:in `call'
  rack (1.5.3) lib/rack/lock.rb:17:in `call'
  actionpack (4.1.6) lib/action_dispatch/middleware/static.rb:64:in `call'
  rack (1.5.3) lib/rack/sendfile.rb:112:in `call'
  railties (4.1.6) lib/rails/engine.rb:514:in `call'
  railties (4.1.6) lib/rails/application.rb:144:in `call'
  rack (1.5.3) lib/rack/lock.rb:17:in `call'
  rack (1.5.3) lib/rack/content_length.rb:14:in `call'
  rack (1.5.3) lib/rack/handler/webrick.rb:60:in `service'
  /usr/local/rvm/rubies/ruby-2.1.5/lib/ruby/2.1.0/webrick/httpserver.rb:138:in `service'
  /usr/local/rvm/rubies/ruby-2.1.5/lib/ruby/2.1.0/webrick/httpserver.rb:94:in `run'
  /usr/local/rvm/rubies/ruby-2.1.5/lib/ruby/2.1.0/webrick/server.rb:295:in `block in start_thread'


  Rendered /usr/local/rvm/gems/ruby-2.1.5@rails4/gems/actionpack-4.1.6/lib/action_dispatch/middleware/templates/rescues/_source.erb (19.8ms)
  Rendered /usr/local/rvm/gems/ruby-2.1.5@rails4/gems/actionpack-4.1.6/lib/action_dispatch/middleware/templates/rescues/_trace.html.erb (28.6ms)
  Rendered /usr/local/rvm/gems/ruby-2.1.5@rails4/gems/actionpack-4.1.6/lib/action_dispatch/middleware/templates/rescues/_request_and_response.html.erb (31.4ms)
  Rendered /usr/local/rvm/gems/ruby-2.1.5@rails4/gems/actionpack-4.1.6/lib/action_dispatch/middleware/templates/rescues/diagnostics.erb within rescues/layout (237.9ms)
